# do {tb_mdc_fft_1024_top_compile.do}
# ** Warning: (vlib-34) Library already exists at "modelsim_lib/work".
# 
# ** Warning: (vlib-34) Library already exists at "modelsim_lib/msim".
# 
# ** Warning: (vlib-34) Library already exists at "modelsim_lib/msim/xil_defaultlib".
# 
# Model Technology ModelSim SE-64 vmap 10.4 Lib Mapping Utility 2014.12 Dec  3 2014
# vmap -modelsim_quiet xil_defaultlib modelsim_lib/msim/xil_defaultlib 
# Modifying modelsim.ini
# Model Technology ModelSim SE-64 vlog 10.4 Compiler 2014.12 Dec  3 2014
# Start time: 17:16:07 on Jul 13,2023
# vlog -incr -work xil_defaultlib ../../../../SDF_FFT_1024.srcs/sources_1/new/butterfly.v ../../../../SDF_FFT_1024.srcs/sources_1/new/complex_mul.v ../../../../SDF_FFT_1024.srcs/sources_1/new/mdc_unit.v ../../../../SDF_FFT_1024.srcs/sources_1/new/twiddle_rom_1024.v ../../../../SDF_FFT_1024.srcs/sources_1/new/mdc_fft_1024_top.v ../../../../SDF_FFT_1024.srcs/sources_1/new/After_Convert.v ../../../../SDF_FFT_1024.srcs/sources_1/new/delay_buffer.v ../../../../SDF_FFT_1024.srcs/sources_1/new/Before_Convert.v ../../../../SDF_FFT_1024.srcs/sources_1/new/Data_Convert.v ../../../../SDF_FFT_1024.srcs/sim_1/new/tb_mdc_fft_1024_top.v 
# -- Skipping module butterfly
# -- Skipping module complex_mul
# -- Skipping module mdc_unit
# -- Skipping module twiddle_rom_1024
# -- Skipping module mdc_fft_1024_top
# -- Skipping module After_Convert
# -- Skipping module delay_buffer
# -- Skipping module Before_Convert
# -- Skipping module Data_Convert
# -- Skipping module tb_mdc_fft_1024_top
# 
# Top level modules:
# 	tb_mdc_fft_1024_top
# End time: 17:16:07 on Jul 13,2023, Elapsed time: 0:00:00
# Errors: 0, Warnings: 0
# Model Technology ModelSim SE-64 vlog 10.4 Compiler 2014.12 Dec  3 2014
# Start time: 17:16:07 on Jul 13,2023
# vlog -work xil_defaultlib glbl.v 
# -- Compiling module glbl
# 
# Top level modules:
# 	glbl
# End time: 17:16:07 on Jul 13,2023, Elapsed time: 0:00:00
# Errors: 0, Warnings: 0
