Vivado Simulator 2018.3
Copyright 1986-1999, 2001-2018 Xilinx, Inc. All Rights Reserved.
Running: D:/app/Vivado2018.3/Vivado/2018.3/bin/unwrapped/win64.o/xelab.exe -wto 7914ef4e33bd4199acbfb2eb3ec2c046 --incr --debug typical --relax --mt 2 -L xil_defaultlib -L unisims_ver -L unimacro_ver -L secureip --snapshot tb_sdf_fft_1024_top_behav xil_defaultlib.tb_sdf_fft_1024_top xil_defaultlib.glbl -log elaborate.log 
Using 2 slave threads.
Starting static elaboration
Completed static elaboration
Starting simulation data flow analysis
Completed simulation data flow analysis
Time Resolution for simulation is 1ps
Compiling module xil_defaultlib.delay_buffer(DEPTH=512,DATA_WIDT...
Compiling module xil_defaultlib.delay_buffer(DEPTH=512,DATA_WIDT...
Compiling module xil_defaultlib.butterfly(DATA_NUM=1024)
Compiling module xil_defaultlib.twiddle_1024
Compiling module xil_defaultlib.complex_mul
Compiling module xil_defaultlib.sdf_unit(DATA_NUM=1024)
Compiling module xil_defaultlib.delay_buffer(DEPTH=256,DATA_WIDT...
Compiling module xil_defaultlib.delay_buffer(DEPTH=256,DATA_WIDT...
Compiling module xil_defaultlib.butterfly(DATA_NUM=1024,STAGE_ID...
Compiling module xil_defaultlib.sdf_unit(DATA_NUM=1024,STAGE_ID=...
Compiling module xil_defaultlib.delay_buffer(DEPTH=128,DATA_WIDT...
Compiling module xil_defaultlib.delay_buffer(DEPTH=128,DATA_WIDT...
Compiling module xil_defaultlib.butterfly(DATA_NUM=1024,STAGE_ID...
Compiling module xil_defaultlib.sdf_unit(DATA_NUM=1024,STAGE_ID=...
Compiling module xil_defaultlib.delay_buffer(DEPTH=64,DATA_WIDTH...
Compiling module xil_defaultlib.delay_buffer(DEPTH=64,DATA_WIDTH...
Compiling module xil_defaultlib.butterfly(DATA_NUM=1024,STAGE_ID...
Compiling module xil_defaultlib.sdf_unit(DATA_NUM=1024,STAGE_ID=...
Compiling module xil_defaultlib.delay_buffer(DATA_WIDTH=64)
Compiling module xil_defaultlib.delay_buffer(DATA_WIDTH=1)
Compiling module xil_defaultlib.butterfly(DATA_NUM=1024,STAGE_ID...
Compiling module xil_defaultlib.sdf_unit(DATA_NUM=1024,STAGE_ID=...
Compiling module xil_defaultlib.delay_buffer(DEPTH=16,DATA_WIDTH...
Compiling module xil_defaultlib.delay_buffer(DEPTH=16,DATA_WIDTH...
Compiling module xil_defaultlib.butterfly(DATA_NUM=1024,STAGE_ID...
Compiling module xil_defaultlib.sdf_unit(DATA_NUM=1024,STAGE_ID=...
Compiling module xil_defaultlib.delay_buffer(DEPTH=8,DATA_WIDTH=...
Compiling module xil_defaultlib.delay_buffer(DEPTH=8,DATA_WIDTH=...
Compiling module xil_defaultlib.butterfly(DATA_NUM=1024,STAGE_ID...
Compiling module xil_defaultlib.sdf_unit(DATA_NUM=1024,STAGE_ID=...
Compiling module xil_defaultlib.delay_buffer(DEPTH=4,DATA_WIDTH=...
Compiling module xil_defaultlib.delay_buffer(DEPTH=4,DATA_WIDTH=...
Compiling module xil_defaultlib.butterfly(DATA_NUM=1024,STAGE_ID...
Compiling module xil_defaultlib.sdf_unit(DATA_NUM=1024,STAGE_ID=...
Compiling module xil_defaultlib.delay_buffer(DEPTH=2,DATA_WIDTH=...
Compiling module xil_defaultlib.delay_buffer(DEPTH=2,DATA_WIDTH=...
Compiling module xil_defaultlib.butterfly(DATA_NUM=1024,STAGE_ID...
Compiling module xil_defaultlib.sdf_unit(DATA_NUM=1024,STAGE_ID=...
Compiling module xil_defaultlib.delay_buffer(DEPTH=1,DATA_WIDTH=...
Compiling module xil_defaultlib.delay_buffer(DEPTH=1,DATA_WIDTH=...
Compiling module xil_defaultlib.butterfly(DATA_NUM=1024,STAGE_ID...
Compiling module xil_defaultlib.sdf_unit(DATA_NUM=1024,STAGE_ID=...
Compiling module xil_defaultlib.sdf_fft_1024_top
Compiling module xil_defaultlib.tb_sdf_fft_1024_top
Compiling module xil_defaultlib.glbl
Built simulation snapshot tb_sdf_fft_1024_top_behav
